Started GET "/api/v1/notes" for ::1 at 2019-08-29 17:42:13 -0700
Started GET "/api/v2/quotes" for ::1 at 2019-08-29 17:42:13 -0700
  [1m[35m (3.5ms)[0m  [1m[34mSELECT "schema_migrations"."version" FROM "schema_migrations" ORDER BY "schema_migrations"."version" ASC[0m
  ↳ /Users/chriscable/.rvm/gems/ruby-2.6.1/gems/activerecord-5.2.3/lib/active_record/log_subscriber.rb:98
  [1m[35m (4.5ms)[0m  [1m[34mSELECT "schema_migrations"."version" FROM "schema_migrations" ORDER BY "schema_migrations"."version" ASC[0m
  ↳ /Users/chriscable/.rvm/gems/ruby-2.6.1/gems/activerecord-5.2.3/lib/active_record/log_subscriber.rb:98
Processing by Api::V1::NotesController#index as */*
Processing by Api::V2::QuotesController#index as */*
  [1m[36mQuote Load (8.9ms)[0m  [1m[34mSELECT "quotes".* FROM "quotes"[0m
  ↳ app/controllers/api/v2/quotes_controller.rb:5
  [1m[36mNote Load (2.4ms)[0m  [1m[34mSELECT "notes".* FROM "notes" ORDER BY "notes"."created_at" DESC[0m
  ↳ app/controllers/api/v1/notes_controller.rb:5
No serializer found for resource: #<Note id: 22, title: "fadfs", content: "dfafgssd", date: "Wednesday", created_at: "2019-05-02 21:35:18", updated_at: "2019-05-02 21:35:18">
[active_model_serializers] Rendered ActiveModel::Serializer::CollectionSerializer with Note::ActiveRecord_Relation (0.68ms)
Completed 200 OK in 104ms (Views: 60.8ms | ActiveRecord: 29.5ms)


No serializer found for resource: #<Quote id: 2, name: "Walt Disney", content: "The Way Get Started Is To Quit Talking And Begin D...", created_at: "2019-04-19 16:44:18", updated_at: "2019-04-19 16:44:18">
[active_model_serializers] Rendered ActiveModel::Serializer::CollectionSerializer with Quote::ActiveRecord_Relation (1.83ms)
Completed 200 OK in 112ms (Views: 79.7ms | ActiveRecord: 19.6ms)


Started GET "/api/v1/notes" for ::1 at 2019-08-29 17:46:26 -0700
Started GET "/api/v2/quotes" for ::1 at 2019-08-29 17:46:26 -0700
Processing by Api::V1::NotesController#index as */*
Processing by Api::V2::QuotesController#index as */*
  [1m[36mQuote Load (4.3ms)[0m  [1m[34mSELECT "quotes".* FROM "quotes"[0m
  ↳ app/controllers/api/v2/quotes_controller.rb:5
No serializer found for resource: #<Quote id: 2, name: "Walt Disney", content: "The Way Get Started Is To Quit Talking And Begin D...", created_at: "2019-04-19 16:44:18", updated_at: "2019-04-19 16:44:18">
  [1m[36mNote Load (7.3ms)[0m  [1m[34mSELECT "notes".* FROM "notes" ORDER BY "notes"."created_at" DESC[0m
[active_model_serializers] Rendered ActiveModel::Serializer::CollectionSerializer with Quote::ActiveRecord_Relation (2.31ms)
  ↳ app/controllers/api/v1/notes_controller.rb:5
Completed 200 OK in 10ms (Views: 5.0ms | ActiveRecord: 4.3ms)


No serializer found for resource: #<Note id: 22, title: "fadfs", content: "dfafgssd", date: "Wednesday", created_at: "2019-05-02 21:35:18", updated_at: "2019-05-02 21:35:18">
[active_model_serializers] Rendered ActiveModel::Serializer::CollectionSerializer with Note::ActiveRecord_Relation (0.63ms)
Completed 200 OK in 14ms (Views: 6.2ms | ActiveRecord: 7.3ms)


Started GET "/api/v2/quotes" for ::1 at 2019-08-29 17:47:02 -0700
Started GET "/api/v1/notes" for ::1 at 2019-08-29 17:47:02 -0700
Processing by Api::V1::NotesController#index as */*
Processing by Api::V2::QuotesController#index as */*
  [1m[36mNote Load (0.9ms)[0m  [1m[34mSELECT "notes".* FROM "notes" ORDER BY "notes"."created_at" DESC[0m
  ↳ app/controllers/api/v1/notes_controller.rb:5
No serializer found for resource: #<Note id: 22, title: "fadfs", content: "dfafgssd", date: "Wednesday", created_at: "2019-05-02 21:35:18", updated_at: "2019-05-02 21:35:18">
[active_model_serializers] Rendered ActiveModel::Serializer::CollectionSerializer with Note::ActiveRecord_Relation (0.9ms)
Completed 200 OK in 4ms (Views: 2.9ms | ActiveRecord: 0.9ms)


  [1m[36mQuote Load (12.6ms)[0m  [1m[34mSELECT "quotes".* FROM "quotes"[0m
  ↳ app/controllers/api/v2/quotes_controller.rb:5
No serializer found for resource: #<Quote id: 2, name: "Walt Disney", content: "The Way Get Started Is To Quit Talking And Begin D...", created_at: "2019-04-19 16:44:18", updated_at: "2019-04-19 16:44:18">
[active_model_serializers] Rendered ActiveModel::Serializer::CollectionSerializer with Quote::ActiveRecord_Relation (3.96ms)
Completed 200 OK in 22ms (Views: 9.4ms | ActiveRecord: 12.6ms)


Started GET "/api/v1/notes" for ::1 at 2019-08-29 18:00:45 -0700
Started GET "/api/v2/quotes" for ::1 at 2019-08-29 18:00:45 -0700
Processing by Api::V2::QuotesController#index as */*
Processing by Api::V1::NotesController#index as */*
  [1m[36mQuote Load (2.6ms)[0m  [1m[34mSELECT "quotes".* FROM "quotes"[0m
  ↳ app/controllers/api/v2/quotes_controller.rb:5
No serializer found for resource: #<Quote id: 2, name: "Walt Disney", content: "The Way Get Started Is To Quit Talking And Begin D...", created_at: "2019-04-19 16:44:18", updated_at: "2019-04-19 16:44:18">
[active_model_serializers] Rendered ActiveModel::Serializer::CollectionSerializer with Quote::ActiveRecord_Relation (3.11ms)
Completed 200 OK in 8ms (Views: 5.3ms | ActiveRecord: 2.6ms)


  [1m[36mNote Load (6.6ms)[0m  [1m[34mSELECT "notes".* FROM "notes" ORDER BY "notes"."created_at" DESC[0m
  ↳ app/controllers/api/v1/notes_controller.rb:5
No serializer found for resource: #<Note id: 22, title: "fadfs", content: "dfafgssd", date: "Wednesday", created_at: "2019-05-02 21:35:18", updated_at: "2019-05-02 21:35:18">
[active_model_serializers] Rendered ActiveModel::Serializer::CollectionSerializer with Note::ActiveRecord_Relation (0.67ms)
Completed 200 OK in 11ms (Views: 3.7ms | ActiveRecord: 6.6ms)


Started GET "/api/v1/notes" for ::1 at 2019-08-29 18:03:59 -0700
Started GET "/api/v2/quotes" for ::1 at 2019-08-29 18:03:59 -0700
Processing by Api::V2::QuotesController#index as */*
  [1m[36mQuote Load (0.9ms)[0m  [1m[34mSELECT "quotes".* FROM "quotes"[0m
  ↳ app/controllers/api/v2/quotes_controller.rb:5
No serializer found for resource: #<Quote id: 2, name: "Walt Disney", content: "The Way Get Started Is To Quit Talking And Begin D...", created_at: "2019-04-19 16:44:18", updated_at: "2019-04-19 16:44:18">
[active_model_serializers] Rendered ActiveModel::Serializer::CollectionSerializer with Quote::ActiveRecord_Relation (2.5ms)
Completed 200 OK in 6ms (Views: 4.7ms | ActiveRecord: 0.9ms)


Processing by Api::V1::NotesController#index as */*
  [1m[36mNote Load (1.9ms)[0m  [1m[34mSELECT "notes".* FROM "notes" ORDER BY "notes"."created_at" DESC[0m
  ↳ app/controllers/api/v1/notes_controller.rb:5
No serializer found for resource: #<Note id: 22, title: "fadfs", content: "dfafgssd", date: "Wednesday", created_at: "2019-05-02 21:35:18", updated_at: "2019-05-02 21:35:18">
[active_model_serializers] Rendered ActiveModel::Serializer::CollectionSerializer with Note::ActiveRecord_Relation (0.54ms)
Completed 200 OK in 6ms (Views: 3.4ms | ActiveRecord: 1.9ms)


Started GET "/api/v2/quotes" for ::1 at 2019-08-29 18:04:08 -0700
Started GET "/api/v1/notes" for ::1 at 2019-08-29 18:04:08 -0700
Processing by Api::V1::NotesController#index as */*
Processing by Api::V2::QuotesController#index as */*
  [1m[36mQuote Load (1.8ms)[0m  [1m[34mSELECT "quotes".* FROM "quotes"[0m
  ↳ app/controllers/api/v2/quotes_controller.rb:5
No serializer found for resource: #<Quote id: 2, name: "Walt Disney", content: "The Way Get Started Is To Quit Talking And Begin D...", created_at: "2019-04-19 16:44:18", updated_at: "2019-04-19 16:44:18">
[active_model_serializers] Rendered ActiveModel::Serializer::CollectionSerializer with Quote::ActiveRecord_Relation (2.17ms)
Completed 200 OK in 6ms (Views: 4.2ms | ActiveRecord: 1.8ms)


  [1m[36mNote Load (30.6ms)[0m  [1m[34mSELECT "notes".* FROM "notes" ORDER BY "notes"."created_at" DESC[0m
  ↳ app/controllers/api/v1/notes_controller.rb:5
No serializer found for resource: #<Note id: 22, title: "fadfs", content: "dfafgssd", date: "Wednesday", created_at: "2019-05-02 21:35:18", updated_at: "2019-05-02 21:35:18">
[active_model_serializers] Rendered ActiveModel::Serializer::CollectionSerializer with Note::ActiveRecord_Relation (0.54ms)
Completed 200 OK in 69ms (Views: 38.0ms | ActiveRecord: 30.6ms)


Started GET "/api/v1/notes" for ::1 at 2019-08-29 18:06:23 -0700
Started GET "/api/v2/quotes" for ::1 at 2019-08-29 18:06:23 -0700
Processing by Api::V1::NotesController#index as */*
  [1m[36mNote Load (1.2ms)[0m  [1m[34mSELECT "notes".* FROM "notes" ORDER BY "notes"."created_at" DESC[0m
Processing by Api::V2::QuotesController#index as */*
  ↳ app/controllers/api/v1/notes_controller.rb:5
No serializer found for resource: #<Note id: 22, title: "fadfs", content: "dfafgssd", date: "Wednesday", created_at: "2019-05-02 21:35:18", updated_at: "2019-05-02 21:35:18">
  [1m[36mQuote Load (0.9ms)[0m  [1m[34mSELECT "quotes".* FROM "quotes"[0m
[active_model_serializers] Rendered ActiveModel::Serializer::CollectionSerializer with Note::ActiveRecord_Relation (0.54ms)
  ↳ app/controllers/api/v2/quotes_controller.rb:5
Completed 200 OK in 6ms (Views: 4.6ms | ActiveRecord: 1.2ms)


No serializer found for resource: #<Quote id: 2, name: "Walt Disney", content: "The Way Get Started Is To Quit Talking And Begin D...", created_at: "2019-04-19 16:44:18", updated_at: "2019-04-19 16:44:18">
[active_model_serializers] Rendered ActiveModel::Serializer::CollectionSerializer with Quote::ActiveRecord_Relation (2.05ms)
Completed 200 OK in 8ms (Views: 6.5ms | ActiveRecord: 0.9ms)


Started GET "/api/v1/notes" for ::1 at 2019-08-29 18:08:47 -0700
Started GET "/api/v2/quotes" for ::1 at 2019-08-29 18:08:47 -0700
Processing by Api::V1::NotesController#index as */*
  [1m[36mNote Load (1.9ms)[0m  [1m[34mSELECT "notes".* FROM "notes" ORDER BY "notes"."created_at" DESC[0m
  ↳ app/controllers/api/v1/notes_controller.rb:5
No serializer found for resource: #<Note id: 22, title: "fadfs", content: "dfafgssd", date: "Wednesday", created_at: "2019-05-02 21:35:18", updated_at: "2019-05-02 21:35:18">
Processing by Api::V2::QuotesController#index as */*
[active_model_serializers] Rendered ActiveModel::Serializer::CollectionSerializer with Note::ActiveRecord_Relation (0.89ms)
Completed 200 OK in 8ms (Views: 6.0ms | ActiveRecord: 1.9ms)


  [1m[36mQuote Load (4.7ms)[0m  [1m[34mSELECT "quotes".* FROM "quotes"[0m
  ↳ app/controllers/api/v2/quotes_controller.rb:5
No serializer found for resource: #<Quote id: 2, name: "Walt Disney", content: "The Way Get Started Is To Quit Talking And Begin D...", created_at: "2019-04-19 16:44:18", updated_at: "2019-04-19 16:44:18">
[active_model_serializers] Rendered ActiveModel::Serializer::CollectionSerializer with Quote::ActiveRecord_Relation (2.09ms)
Completed 200 OK in 10ms (Views: 5.1ms | ActiveRecord: 4.7ms)


Started GET "/api/v1/notes" for ::1 at 2019-08-29 18:08:55 -0700
Started GET "/api/v2/quotes" for ::1 at 2019-08-29 18:08:55 -0700
Processing by Api::V2::QuotesController#index as */*
  [1m[36mQuote Load (0.5ms)[0m  [1m[34mSELECT "quotes".* FROM "quotes"[0m
  ↳ app/controllers/api/v2/quotes_controller.rb:5
No serializer found for resource: #<Quote id: 2, name: "Walt Disney", content: "The Way Get Started Is To Quit Talking And Begin D...", created_at: "2019-04-19 16:44:18", updated_at: "2019-04-19 16:44:18">
[active_model_serializers] Rendered ActiveModel::Serializer::CollectionSerializer with Quote::ActiveRecord_Relation (1.86ms)
Completed 200 OK in 4ms (Views: 3.6ms | ActiveRecord: 0.5ms)


Processing by Api::V1::NotesController#index as */*
  [1m[36mNote Load (0.7ms)[0m  [1m[34mSELECT "notes".* FROM "notes" ORDER BY "notes"."created_at" DESC[0m
  ↳ app/controllers/api/v1/notes_controller.rb:5
No serializer found for resource: #<Note id: 22, title: "fadfs", content: "dfafgssd", date: "Wednesday", created_at: "2019-05-02 21:35:18", updated_at: "2019-05-02 21:35:18">
[active_model_serializers] Rendered ActiveModel::Serializer::CollectionSerializer with Note::ActiveRecord_Relation (0.6ms)
Completed 200 OK in 5ms (Views: 3.3ms | ActiveRecord: 0.7ms)


Started GET "/api/v2/quotes" for ::1 at 2019-08-29 18:12:42 -0700
Started GET "/api/v1/notes" for ::1 at 2019-08-29 18:12:42 -0700
Processing by Api::V2::QuotesController#index as */*
  [1m[36mQuote Load (0.4ms)[0m  [1m[34mSELECT "quotes".* FROM "quotes"[0m
  ↳ app/controllers/api/v2/quotes_controller.rb:5
No serializer found for resource: #<Quote id: 2, name: "Walt Disney", content: "The Way Get Started Is To Quit Talking And Begin D...", created_at: "2019-04-19 16:44:18", updated_at: "2019-04-19 16:44:18">
[active_model_serializers] Rendered ActiveModel::Serializer::CollectionSerializer with Quote::ActiveRecord_Relation (2.16ms)
Completed 200 OK in 5ms (Views: 4.1ms | ActiveRecord: 0.4ms)


Processing by Api::V1::NotesController#index as */*
  [1m[36mNote Load (1.3ms)[0m  [1m[34mSELECT "notes".* FROM "notes" ORDER BY "notes"."created_at" DESC[0m
  ↳ app/controllers/api/v1/notes_controller.rb:5
No serializer found for resource: #<Note id: 22, title: "fadfs", content: "dfafgssd", date: "Wednesday", created_at: "2019-05-02 21:35:18", updated_at: "2019-05-02 21:35:18">
[active_model_serializers] Rendered ActiveModel::Serializer::CollectionSerializer with Note::ActiveRecord_Relation (0.39ms)
Completed 200 OK in 3ms (Views: 1.8ms | ActiveRecord: 1.3ms)


Started DELETE "/api/v1/notes/22" for ::1 at 2019-08-29 18:13:07 -0700
Processing by Api::V1::NotesController#destroy as JSON
  Parameters: {"id"=>"22", "note"=>{}}
  [1m[36mNote Load (2.9ms)[0m  [1m[34mSELECT  "notes".* FROM "notes" WHERE "notes"."id" = $1 LIMIT $2[0m  [["id", 22], ["LIMIT", 1]]
  ↳ app/controllers/api/v1/notes_controller.rb:36
  [1m[35m (1.7ms)[0m  [1m[35mBEGIN[0m
  ↳ app/controllers/api/v1/notes_controller.rb:37
  [1m[36mNote Destroy (10.9ms)[0m  [1m[31mDELETE FROM "notes" WHERE "notes"."id" = $1[0m  [["id", 22]]
  ↳ app/controllers/api/v1/notes_controller.rb:37
  [1m[35m (2.6ms)[0m  [1m[35mCOMMIT[0m
  ↳ app/controllers/api/v1/notes_controller.rb:37
Completed 204 No Content in 92ms (ActiveRecord: 18.4ms)


Started DELETE "/api/v1/notes/20" for ::1 at 2019-08-29 18:13:08 -0700
Processing by Api::V1::NotesController#destroy as JSON
  Parameters: {"id"=>"20", "note"=>{}}
  [1m[36mNote Load (0.7ms)[0m  [1m[34mSELECT  "notes".* FROM "notes" WHERE "notes"."id" = $1 LIMIT $2[0m  [["id", 20], ["LIMIT", 1]]
  ↳ app/controllers/api/v1/notes_controller.rb:36
  [1m[35m (0.7ms)[0m  [1m[35mBEGIN[0m
  ↳ app/controllers/api/v1/notes_controller.rb:37
  [1m[36mNote Destroy (1.1ms)[0m  [1m[31mDELETE FROM "notes" WHERE "notes"."id" = $1[0m  [["id", 20]]
  ↳ app/controllers/api/v1/notes_controller.rb:37
  [1m[35m (1.0ms)[0m  [1m[35mCOMMIT[0m
  ↳ app/controllers/api/v1/notes_controller.rb:37
Completed 204 No Content in 8ms (ActiveRecord: 3.5ms)


Started GET "/api/v1/notes" for ::1 at 2019-08-30 20:20:03 -0700
Started GET "/api/v2/quotes" for ::1 at 2019-08-30 20:20:03 -0700
  [1m[35m (3.6ms)[0m  [1m[34mSELECT "schema_migrations"."version" FROM "schema_migrations" ORDER BY "schema_migrations"."version" ASC[0m
  [1m[35m (4.2ms)[0m  [1m[34mSELECT "schema_migrations"."version" FROM "schema_migrations" ORDER BY "schema_migrations"."version" ASC[0m
  ↳ /Users/chriscable/.rvm/gems/ruby-2.6.1/gems/activerecord-5.2.3/lib/active_record/log_subscriber.rb:98
  ↳ /Users/chriscable/.rvm/gems/ruby-2.6.1/gems/activerecord-5.2.3/lib/active_record/log_subscriber.rb:98
  
Processing by Api::V2::QuotesController#index as */*
LoadError (Unable to autoload constant Api::V1::NotesController, expected /Users/chriscable/Desktop/TaskMaster-3000/backend/app/controllers/api/v1/notes_controller.rb to define it):
  
activesupport (5.2.3) lib/active_support/dependencies.rb:511:in `load_missing_constant'
bootsnap (1.4.3) lib/bootsnap/load_path_cache/core_ext/active_support.rb:60:in `block in load_missing_constant'
bootsnap (1.4.3) lib/bootsnap/load_path_cache/core_ext/active_support.rb:16:in `allow_bootsnap_retry'
bootsnap (1.4.3) lib/bootsnap/load_path_cache/core_ext/active_support.rb:59:in `load_missing_constant'
activesupport (5.2.3) lib/active_support/dependencies.rb:195:in `const_missing'
activesupport (5.2.3) lib/active_support/inflector/methods.rb:285:in `const_get'
activesupport (5.2.3) lib/active_support/inflector/methods.rb:285:in `block in constantize'
activesupport (5.2.3) lib/active_support/inflector/methods.rb:281:in `each'
activesupport (5.2.3) lib/active_support/inflector/methods.rb:281:in `inject'
activesupport (5.2.3) lib/active_support/inflector/methods.rb:281:in `constantize'
activesupport (5.2.3) lib/active_support/dependencies.rb:582:in `get'
activesupport (5.2.3) lib/active_support/dependencies.rb:613:in `constantize'
actionpack (5.2.3) lib/action_dispatch/http/request.rb:88:in `controller_class_for'
actionpack (5.2.3) lib/action_dispatch/http/parameters.rb:101:in `binary_params_for?'
actionpack (5.2.3) lib/action_dispatch/http/parameters.rb:92:in `set_binary_encoding'
actionpack (5.2.3) lib/action_dispatch/http/parameters.rb:69:in `path_parameters='
actionpack (5.2.3) lib/action_dispatch/journey/router.rb:50:in `block in serve'
actionpack (5.2.3) lib/action_dispatch/journey/router.rb:35:in `each'
actionpack (5.2.3) lib/action_dispatch/journey/router.rb:35:in `serve'
actionpack (5.2.3) lib/action_dispatch/routing/route_set.rb:840:in `call'
rack (2.0.7) lib/rack/etag.rb:25:in `call'
rack (2.0.7) lib/rack/conditional_get.rb:25:in `call'
rack (2.0.7) lib/rack/head.rb:12:in `call'
activerecord (5.2.3) lib/active_record/migration.rb:559:in `call'
actionpack (5.2.3) lib/action_dispatch/middleware/callbacks.rb:28:in `block in call'
activesupport (5.2.3) lib/active_support/callbacks.rb:98:in `run_callbacks'
actionpack (5.2.3) lib/action_dispatch/middleware/callbacks.rb:26:in `call'
actionpack (5.2.3) lib/action_dispatch/middleware/executor.rb:14:in `call'
actionpack (5.2.3) lib/action_dispatch/middleware/debug_exceptions.rb:61:in `call'
actionpack (5.2.3) lib/action_dispatch/middleware/show_exceptions.rb:33:in `call'
railties (5.2.3) lib/rails/rack/logger.rb:38:in `call_app'
railties (5.2.3) lib/rails/rack/logger.rb:26:in `block in call'
activesupport (5.2.3) lib/active_support/tagged_logging.rb:71:in `block in tagged'
activesupport (5.2.3) lib/active_support/tagged_logging.rb:28:in `tagged'
activesupport (5.2.3) lib/active_support/tagged_logging.rb:71:in `tagged'
railties (5.2.3) lib/rails/rack/logger.rb:26:in `call'
actionpack (5.2.3) lib/action_dispatch/middleware/remote_ip.rb:81:in `call'
actionpack (5.2.3) lib/action_dispatch/middleware/request_id.rb:27:in `call'
rack (2.0.7) lib/rack/runtime.rb:22:in `call'
activesupport (5.2.3) lib/active_support/cache/strategy/local_cache_middleware.rb:29:in `call'
actionpack (5.2.3) lib/action_dispatch/middleware/executor.rb:14:in `call'
actionpack (5.2.3) lib/action_dispatch/middleware/static.rb:127:in `call'
rack (2.0.7) lib/rack/sendfile.rb:111:in `call'
rack-cors (1.0.3) lib/rack/cors.rb:95:in `call'
railties (5.2.3) lib/rails/engine.rb:524:in `call'
puma (3.12.1) lib/puma/configuration.rb:227:in `call'
puma (3.12.1) lib/puma/server.rb:660:in `handle_request'
puma (3.12.1) lib/puma/server.rb:474:in `process_client'
puma (3.12.1) lib/puma/server.rb:334:in `block in run'
puma (3.12.1) lib/puma/thread_pool.rb:135:in `block in spawn_thread'
  [1m[36mQuote Load (21.1ms)[0m  [1m[34mSELECT "quotes".* FROM "quotes"[0m
  ↳ app/controllers/api/v2/quotes_controller.rb:5
No serializer found for resource: #<Quote id: 2, name: "Walt Disney", content: "The Way Get Started Is To Quit Talking And Begin D...", created_at: "2019-04-19 16:44:18", updated_at: "2019-04-19 16:44:18">
[active_model_serializers] Rendered ActiveModel::Serializer::CollectionSerializer with Quote::ActiveRecord_Relation (2.76ms)
Completed 200 OK in 86ms (Views: 25.7ms | ActiveRecord: 34.7ms)


